2021-05-09 21:16:22,411 - User login: yyy@gmail.com yyy
2021-05-09 21:16:22,706 - User login: yyy@gmail.com yyy
2021-05-09 21:16:22,974 - CALL FindFriends - 64
2021-05-09 21:16:23,153 - groupList - 64
2021-05-09 21:38:53,191 - CALL FindFriends - 66
2021-05-09 21:38:53,423 - groupList - 66
2021-05-09 21:38:55,575 - Return all users
2021-05-09 21:38:57,679 - View invitations - s@gmail.com
2021-05-09 21:39:02,945 - CALL FindFriends - 66
2021-05-09 21:39:03,150 - groupList - 66
2021-05-09 21:39:10,436 - User login: yyy@gmail.com yyy
2021-05-09 21:39:10,746 - User login: yyy@gmail.com yyy
2021-05-09 21:39:11,005 - CALL FindFriends - 64
2021-05-09 21:39:11,249 - groupList - 64
2021-05-09 21:39:14,313 - View invitations - yyy@gmail.com
2021-05-09 21:39:19,792 - CALL FindFriends - 64
2021-05-09 21:39:20,000 - groupList - 64
2021-05-09 21:39:35,808 - Return all users
2021-05-09 21:39:36,080 - Return all groups
2021-05-09 21:39:36,288 - addInvite - ['zzz@gmail.com']
2021-05-09 21:40:00,991 - groupList - 64
2021-05-09 21:40:03,679 - Return all groups
2021-05-09 21:40:03,911 - groupActivity - 57
2021-05-09 21:40:10,607 - groupList - 64
2021-05-09 21:40:12,680 - Return all groups
2021-05-09 21:40:12,875 - groupActivity - 55
2021-05-09 21:40:35,719 - activityDetail - 52
2021-05-09 21:42:58,649 - CALL FindFriends - 66
2021-05-09 21:42:58,865 - groupList - 66
2021-05-09 21:43:14,056 - Return all users
2021-05-09 21:43:14,343 - Return all groups
2021-05-09 21:43:14,572 - addInvite - ['zzz@gmail.com']
2021-05-09 21:43:21,756 - User login: zzz@gmail.com zzz
2021-05-09 21:43:22,065 - User login: zzz@gmail.com zzz
2021-05-09 21:43:22,360 - CALL FindFriends - 65
2021-05-09 21:43:22,558 - groupList - 65
2021-05-09 21:43:31,954 - Return all groups
2021-05-09 21:43:36,936 - View invitations - zzz@gmail.com
2021-05-09 21:43:42,849 - Return all groups
2021-05-09 21:43:43,067 - CALL AcceptInvite - 57 zzz@gmail.com
2021-05-09 21:43:46,625 - CALL FindFriends - 66
2021-05-09 21:43:46,851 - groupList - 66
2021-05-09 21:44:11,618 - Return all users
2021-05-09 21:44:11,867 - Return all users
2021-05-09 21:44:12,083 - Return all groups
2021-05-09 21:44:12,340 - addExpense - 66 ['64', '65'] 600 57
2021-05-09 21:44:15,578 - CALL FindFriends - 66
2021-05-09 21:44:15,770 - groupList - 66
2021-05-09 22:46:58,797 - User login: charles@user.com 12345678
2021-05-09 22:46:59,094 - User login: charles@user.com 12345678
2021-05-09 22:46:59,362 - CALL FindFriends - 58
2021-05-09 22:46:59,627 - groupList - 58
2021-05-09 22:48:16,342 - groupList - 58
2021-05-09 22:48:23,169 - Return all groups
2021-05-09 22:48:23,243 - groupActivity - 46
2021-05-09 22:48:27,636 - groupList - 58
2021-05-09 22:48:29,269 - Return all groups
2021-05-09 22:48:29,353 - groupActivity - 50
2021-05-09 22:48:32,316 - groupList - 58
2021-05-09 22:48:34,080 - Return all groups
2021-05-09 22:48:34,152 - groupActivity - 51
2021-05-09 22:56:49,438 - User login: charles@user.com 12345678
2021-05-09 22:56:49,737 - User login: charles@user.com 12345678
2021-05-09 22:56:50,009 - CALL FindFriends - 58
2021-05-09 22:56:50,088 - groupList - 58
2021-05-09 22:56:52,690 - groupList - 58
2021-05-09 22:58:20,958 - User login: charles@user.com 12345678
2021-05-09 22:58:21,270 - User login: charles@user.com 12345678
2021-05-09 22:58:21,538 - CALL FindFriends - 58
2021-05-09 22:58:21,816 - groupList - 58
2021-05-09 22:58:24,696 - CALL FindFriends - 58
2021-05-09 22:58:24,992 - groupList - 58
2021-05-09 22:58:27,622 - groupList - 58
2021-05-09 23:01:42,560 - Return all users
2021-05-09 23:01:42,672 - Return all users
2021-05-09 23:01:42,743 - Return all groups
2021-05-09 23:01:42,815 - addExpense - 58 ['21', '58'] 50 51
2021-05-09 23:03:47,025 - Return all users
2021-05-09 23:03:47,143 - settleBalance - 58 21
2021-05-09 23:03:50,255 - Return all users
2021-05-09 23:03:50,343 - settleBalance - 58 22
2021-05-09 23:03:52,782 - Return all users
2021-05-09 23:03:52,880 - settleBalance - 58 23
2021-05-09 23:04:00,534 - CALL FindFriends - 58
2021-05-09 23:04:00,618 - groupList - 58
2021-05-09 23:04:10,579 - groupList - 58
2021-05-09 23:04:38,110 - Return all groups
2021-05-11 08:17:32,512 - Return all users
2021-05-11 08:17:33,127 - New user inserted: test1@gmail.com, test1, test1
2021-05-11 08:17:44,988 - User login: test1@gmail.com test1
2021-05-11 08:17:45,300 - User login: test1@gmail.com test1
2021-05-11 08:17:45,558 - CALL FindFriends - 71
2021-05-11 08:17:45,803 - groupList - 71
2021-05-11 08:17:55,982 - User login: test2@gmail.com test2
2021-05-11 08:18:06,648 - Return all users
2021-05-11 08:18:07,265 - New user inserted: test2@gmail.com, test2, test2
2021-05-11 08:18:09,384 - CALL FindFriends - 66
2021-05-11 08:18:09,625 - groupList - 66
2021-05-11 08:18:17,725 - User login: test 
2021-05-11 08:18:31,696 - Return all users
2021-05-11 08:18:44,144 - Return all users
2021-05-11 08:18:44,718 - New user inserted: test3@gmail.com, test3, test3
2021-05-11 08:18:52,038 - User login: test1@gmail.com test1
2021-05-11 08:18:52,343 - User login: test1@gmail.com test1
2021-05-11 08:18:52,601 - CALL FindFriends - 71
2021-05-11 08:18:52,883 - groupList - 71
2021-05-11 08:19:00,208 - CALL CreateGroup - test1's group 71
2021-05-11 08:19:14,384 - Return all users
2021-05-11 08:19:14,687 - addInvite - ['test2@gmail.com']
2021-05-11 08:21:31,263 - User login: test3@gmail.com 
2021-05-11 08:21:36,975 - User login: test1 test1
2021-05-11 08:21:43,521 - User login: test1@gmail.com test1
2021-05-11 08:21:43,820 - User login: test1@gmail.com test1
2021-05-11 08:21:44,081 - CALL FindFriends - 71
2021-05-11 08:21:44,340 - groupList - 71
2021-05-11 08:21:59,938 - Return all users
2021-05-11 08:22:46,889 - User login: test1@gmail.com test1
2021-05-11 08:22:47,183 - User login: test1@gmail.com test1
2021-05-11 08:22:47,440 - CALL FindFriends - 71
2021-05-11 08:22:47,673 - groupList - 71
2021-05-11 08:22:57,866 - Return all users
2021-05-11 08:24:03,117 - User login: test1@gmail.com test1
2021-05-11 08:24:03,423 - User login: test1@gmail.com test1
2021-05-11 08:24:03,682 - CALL FindFriends - 71
2021-05-11 08:24:03,932 - groupList - 71
2021-05-11 08:24:11,913 - Return all users
2021-05-11 08:24:12,191 - Return all groups
2021-05-11 08:24:21,570 - Return all users
2021-05-11 08:24:21,775 - Return all groups
2021-05-11 08:24:47,895 - User login: test1@gmail.com test1
2021-05-11 08:24:48,193 - User login: test1@gmail.com test1
2021-05-11 08:24:48,449 - CALL FindFriends - 71
2021-05-11 08:24:48,676 - groupList - 71
2021-05-11 08:24:59,387 - Return all users
2021-05-11 08:24:59,695 - Return all groups
2021-05-11 08:24:59,928 - addInvite - ['test2@gmail.com']
2021-05-11 08:25:10,819 - User login: test3@gmail.com test3
2021-05-11 08:25:11,123 - User login: test3@gmail.com test3
2021-05-11 08:25:11,382 - CALL FindFriends - 73
2021-05-11 08:25:11,615 - groupList - 73
2021-05-11 08:25:17,913 - CALL CreateGroup - test3's grouup 73
2021-05-11 08:25:31,769 - Return all users
2021-05-11 08:25:32,006 - Return all groups
2021-05-11 08:25:35,265 - CALL FindFriends - 73
2021-05-11 08:25:35,574 - groupList - 73
2021-05-11 08:25:55,882 - Return all users
2021-05-11 08:25:56,168 - Return all groups
2021-05-11 08:25:56,398 - addInvite - ['test2@gmail.com']
